<?xml version="1.0" encoding="UTF-8"?>
<!-- Generated by org.testng.reporters.JUnitXMLReporter -->
<testsuite ignored="0" hostname="hari" failures="0" tests="3" name="Default test" time="15.505" errors="0" timestamp="2024-01-25T21:31:31 IST">
  <testcase classname="com.simplilearn.selenium.PlaceOrderPageTest" name="addCartPageTest" time="7.76"/>
  <testcase classname="com.simplilearn.selenium.PlaceOrderPageTest" name="addCartPageSOurceUrlTest" time="0.039"/>
  <testcase classname="com.simplilearn.selenium.PlaceOrderPageTest" name="homePageTitleTest" time="0.053"/>
</testsuite> <!-- Default test -->
