<?xml version="1.0" encoding="UTF-8"?>
<testng-results ignored="0" total="3" passed="3" failed="0" skipped="0">
  <reporter-output>
  </reporter-output>
  <suite started-at="2024-01-25T21:31:15 IST" name="Default suite" finished-at="2024-01-25T21:31:31 IST" duration-ms="15505">
    <groups>
    </groups>
    <test started-at="2024-01-25T21:31:15 IST" name="Default test" finished-at="2024-01-25T21:31:31 IST" duration-ms="15505">
      <class name="com.simplilearn.selenium.PlaceOrderPageTest">
        <test-method is-config="true" signature="setup()[pri:0, instance:com.simplilearn.selenium.PlaceOrderPageTest@6fd83fc1]" started-at="2024-01-25T21:31:16 IST" name="setup" finished-at="2024-01-25T21:31:22 IST" duration-ms="6787" status="PASS">
          <reporter-output>
          </reporter-output>
        </test-method> <!-- setup -->
        <test-method signature="addCartPageTest()[pri:1, instance:com.simplilearn.selenium.PlaceOrderPageTest@6fd83fc1]" started-at="2024-01-25T21:31:22 IST" name="addCartPageTest" description="Test add to cart title match" finished-at="2024-01-25T21:31:30 IST" duration-ms="7760" status="PASS">
          <reporter-output>
          </reporter-output>
        </test-method> <!-- addCartPageTest -->
        <test-method signature="addCartPageSOurceUrlTest()[pri:2, instance:com.simplilearn.selenium.PlaceOrderPageTest@6fd83fc1]" started-at="2024-01-25T21:31:30 IST" name="addCartPageSOurceUrlTest" description="Test add cart  page source url" finished-at="2024-01-25T21:31:30 IST" duration-ms="39" status="PASS">
          <reporter-output>
          </reporter-output>
        </test-method> <!-- addCartPageSOurceUrlTest -->
        <test-method signature="homePageTitleTest()[pri:3, instance:com.simplilearn.selenium.PlaceOrderPageTest@6fd83fc1]" started-at="2024-01-25T21:31:30 IST" name="homePageTitleTest" description="Test sport shoes registartion page title " finished-at="2024-01-25T21:31:30 IST" duration-ms="53" status="PASS">
          <reporter-output>
          </reporter-output>
        </test-method> <!-- homePageTitleTest -->
        <test-method is-config="true" signature="cleanup()[pri:0, instance:com.simplilearn.selenium.PlaceOrderPageTest@6fd83fc1]" started-at="2024-01-25T21:31:30 IST" name="cleanup" finished-at="2024-01-25T21:31:31 IST" duration-ms="742" status="PASS">
          <reporter-output>
          </reporter-output>
        </test-method> <!-- cleanup -->
      </class> <!-- com.simplilearn.selenium.PlaceOrderPageTest -->
    </test> <!-- Default test -->
  </suite> <!-- Default suite -->
</testng-results>
