<?xml version="1.0" encoding="UTF-8"?>
<testng-results ignored="0" total="1" passed="1" failed="0" skipped="0">
  <reporter-output>
  </reporter-output>
  <suite started-at="2024-01-25T21:44:06 IST" name="Default suite" finished-at="2024-01-25T21:44:11 IST" duration-ms="5714">
    <groups>
    </groups>
    <test started-at="2024-01-25T21:44:06 IST" name="Default test" finished-at="2024-01-25T21:44:11 IST" duration-ms="5714">
      <class name="com.simplilearn.restassuredtest.UpdateProduct">
        <test-method signature="testGetProduct()[pri:0, instance:com.simplilearn.restassuredtest.UpdateProduct@273444fe]" started-at="2024-01-25T21:44:06 IST" name="testGetProduct" description="Test to update the product in the store" finished-at="2024-01-25T21:44:11 IST" duration-ms="5618" status="PASS">
          <reporter-output>
          </reporter-output>
        </test-method> <!-- testGetProduct -->
      </class> <!-- com.simplilearn.restassuredtest.UpdateProduct -->
    </test> <!-- Default test -->
  </suite> <!-- Default suite -->
</testng-results>
